[31160:31568:0302/121355.382:WARNING:chrome_main_delegate.cc(745)] This is Chrome version 128.0.6613.138 (not a warning)
[31160:26272:0302/121355.421:ERROR:google_update_settings.cc(265)] Failed opening key Software\Chromium to set usagestats; result: 5
[31160:31568:0302/121355.446:WARNING:account_consistency_mode_manager.cc(77)] Desktop Identity Consistency cannot be enabled as no OAuth client ID and client secret have been configured.
[18496:10660:0302/121359.899:WARNING:frame_impl.cc(430)] virtual CefFrameImpl::SendProcessMessage sent to detached frame 5-5A893D8DD374FC552A0E7358C199980F will be ignored
[24092:24152:0302/121359.911:ERROR:backend_impl.cc(989)] Critical error found -8
[24092:24152:0302/121359.911:ERROR:entry_impl.cc(1029)] No file for c1030126
[24092:24152:0302/121359.912:WARNING:storage_block-inl.h(138)] Failed data load.
[24092:24152:0302/121359.912:WARNING:storage_block-inl.h(138)] Failed data load.
[24092:24152:0302/121359.912:WARNING:storage_block-inl.h(138)] Failed data load.
[24092:24152:0302/121359.912:WARNING:storage_block-inl.h(138)] Failed data load.
[24092:24152:0302/121359.912:WARNING:storage_block-inl.h(138)] Failed data load.
[24092:24152:0302/121359.912:ERROR:entry_impl.cc(1029)] No file for b30200a4
[24092:24152:0302/121359.913:WARNING:storage_block-inl.h(138)] Failed data load.
[24092:24152:0302/121359.913:WARNING:storage_block-inl.h(138)] Failed data load.
[24092:24152:0302/121359.924:WARNING:storage_block-inl.h(138)] Failed data load.
[24092:24152:0302/121359.924:WARNING:storage_block-inl.h(138)] Failed data load.
[24092:24152:0302/121359.924:WARNING:storage_block-inl.h(138)] Failed data load.
[24092:24152:0302/121359.924:WARNING:storage_block-inl.h(138)] Failed data load.
[24092:24152:0302/121359.924:ERROR:entry_impl.cc(1029)] No file for b30200a8
[24092:24152:0302/121359.924:WARNING:storage_block-inl.h(138)] Failed data load.
[24092:24152:0302/121359.924:WARNING:storage_block-inl.h(138)] Failed data load.
[24092:24152:0302/121359.924:WARNING:storage_block-inl.h(138)] Failed data load.
[24092:24152:0302/121359.924:WARNING:storage_block-inl.h(138)] Failed data load.
[24092:24152:0302/121359.924:ERROR:entry_impl.cc(1029)] No file for a2010158
[24092:24152:0302/121359.924:WARNING:storage_block-inl.h(138)] Failed data load.
[24092:24152:0302/121359.924:WARNING:storage_block-inl.h(138)] Failed data load.
[24092:24152:0302/121359.924:WARNING:storage_block-inl.h(138)] Failed data load.
[24092:24152:0302/121359.924:WARNING:storage_block-inl.h(138)] Failed data load.
[24092:24152:0302/121359.924:ERROR:entry_impl.cc(1029)] No file for c103012a
[24092:24152:0302/121359.924:WARNING:storage_block-inl.h(138)] Failed data load.
[24092:24152:0302/121359.924:WARNING:storage_block-inl.h(138)] Failed data load.
[24092:24152:0302/121359.924:WARNING:storage_block-inl.h(138)] Failed data load.
[24092:24152:0302/121359.924:WARNING:storage_block-inl.h(138)] Failed data load.
[24092:24152:0302/121359.924:ERROR:entry_impl.cc(1029)] No file for a301015c
[24092:24152:0302/121359.924:WARNING:storage_block-inl.h(138)] Failed data load.
[24092:24152:0302/121359.924:WARNING:storage_block-inl.h(138)] Failed data load.
[24092:24152:0302/121359.924:ERROR:entry_impl.cc(1029)] No file for a3010160
[24092:24152:0302/121359.924:WARNING:storage_block-inl.h(138)] Failed data load.
[24092:24152:0302/121359.928:WARNING:storage_block-inl.h(138)] Failed data load.
[24092:24152:0302/121359.928:WARNING:storage_block-inl.h(138)] Failed data load.
[24092:24152:0302/121359.928:WARNING:storage_block-inl.h(138)] Failed data load.
[24092:24152:0302/121359.929:WARNING:storage_block-inl.h(138)] Failed data load.
[24092:24152:0302/121359.929:WARNING:storage_block-inl.h(138)] Failed data load.
[31160:31568:0302/121621.927:WARNING:pref_notifier_impl.cc(41)] Pref observer for media_router.cast_allow_all_ips found at shutdown.
